<?xml version="1.0" encoding="UTF-8"?>
<!-- Generated by org.testng.reporters.JUnitReportReporter -->
<testsuite hostname="Shails-MacBook-Pro.local" failures="0" tests="1" name="MavenExamples.Test3" time="3.671" errors="0" timestamp="2023-07-06T11:29:37 IST" skipped="0">
  <testcase classname="MavenExamples.Test3" name="d1Test" time="3.671"/>
  <system-out/>
</testsuite> <!-- MavenExamples.Test3 -->
